  
  C:\Users\Wesse\Source\Repos\Gaussian-Elimination\DV2581 P2\DV2581 P2>"C:\Program Files\NVIDIA GPU Computing Toolkit\CUDA\v10.0\bin\nvcc.exe" -ccbin "D:\Program (x86)\Visual Studio Community\VC\Tools\MSVC\14.12.25827\bin\HostX86\x64" -x cu  -I"C:\Program Files\NVIDIA GPU Computing Toolkit\CUDA\v10.0\include" -I"C:\Program Files\NVIDIA GPU Computing Toolkit\CUDA\v10.0\include"  -G   --keep-dir x64\Debug -maxrregcount=0  --machine 64 --compile   -g   -DWIN32 -DWIN64 -D_DEBUG -D_CONSOLE -D_MBCS -Xcompiler "/EHsc /W3 /nologo /Od  /FS /Zi /RTC1 /MDd " -o x64\Debug\kernel.cu.obj "C:\Users\Wesse\Source\Repos\Gaussian-Elimination\DV2581 P2\DV2581 P2\kernel.cu" -clean 
  kernel.cu
  Compiling CUDA source file kernel.cu...
  
  C:\Users\Wesse\Source\Repos\Gaussian-Elimination\DV2581 P2\DV2581 P2>"C:\Program Files\NVIDIA GPU Computing Toolkit\CUDA\v10.0\bin\nvcc.exe" -gencode=arch=compute_35,code=\"sm_35,compute_35\" --use-local-env -ccbin "D:\Program (x86)\Visual Studio Community\VC\Tools\MSVC\14.12.25827\bin\HostX86\x64" -x cu -rdc=true -I"C:\Program Files\NVIDIA GPU Computing Toolkit\CUDA\v10.0\include" -I"C:\Program Files\NVIDIA GPU Computing Toolkit\CUDA\v10.0\include"  -G   --keep-dir x64\Debug -maxrregcount=0  --machine 64 --compile -cudart static  -g   -DWIN32 -DWIN64 -D_DEBUG -D_CONSOLE -D_MBCS -Xcompiler "/EHsc /W3 /nologo /Od /Fdx64\Debug\vc141.pdb /FS /Zi /RTC1 /MDd " -o x64\Debug\kernel.cu.obj "C:\Users\Wesse\Source\Repos\Gaussian-Elimination\DV2581 P2\DV2581 P2\kernel.cu" 
C:/Users/Wesse/Source/Repos/Gaussian-Elimination/DV2581 P2/DV2581 P2/kernel.cu(96): warning : variable "max_threads" was declared but never referenced
C:/Users/Wesse/Source/Repos/Gaussian-Elimination/DV2581 P2/DV2581 P2/kernel.cu(240): warning : variable "max_threads" was declared but never referenced
  kernel.cu
  math_functions.h is an internal header file and must not be used directly.  This file will be removed in a future CUDA release.  Please use cuda_runtime_api.h or cuda_runtime.h instead.
C:/Users/Wesse/Source/Repos/Gaussian-Elimination/DV2581 P2/DV2581 P2/kernel.cu(255): warning C4244: '=': conversion from 'double' to 'int', possible loss of data
C:/Users/Wesse/Source/Repos/Gaussian-Elimination/DV2581 P2/DV2581 P2/kernel.cu(257): warning C4244: '=': conversion from 'double' to 'int', possible loss of data
C:/Users/Wesse/Source/Repos/Gaussian-Elimination/DV2581 P2/DV2581 P2/kernel.cu(266): warning C4244: '=': conversion from 'double' to 'int', possible loss of data
C:/Users/Wesse/Source/Repos/Gaussian-Elimination/DV2581 P2/DV2581 P2/kernel.cu(268): warning C4244: '=': conversion from 'double' to 'int', possible loss of data
  
  C:\Users\Wesse\Source\Repos\Gaussian-Elimination\DV2581 P2\DV2581 P2>"C:\Program Files\NVIDIA GPU Computing Toolkit\CUDA\v10.0\bin\nvcc.exe" -dlink -o "x64\Debug\DV2581 P2.device-link.obj" -Xcompiler "/EHsc /W3 /nologo /Od /Zi /RTC1 /MDd " -L"C:\Program Files\NVIDIA GPU Computing Toolkit\CUDA\v10.0\lib\x64" cudadevrt.lib cudart_static.lib kernel32.lib user32.lib gdi32.lib winspool.lib comdlg32.lib advapi32.lib shell32.lib ole32.lib oleaut32.lib uuid.lib odbc32.lib odbccp32.lib  -gencode=arch=compute_35,code=sm_35 -G --machine 64 x64\Debug\kernel.cu.obj 
  cudadevrt.lib
  cudart_static.lib
  kernel32.lib
  user32.lib
  gdi32.lib
  winspool.lib
  comdlg32.lib
  advapi32.lib
  shell32.lib
  ole32.lib
  oleaut32.lib
  uuid.lib
  odbc32.lib
  odbccp32.lib
  kernel.cu.obj
     Creating library C:\Users\Wesse\Source\Repos\Gaussian-Elimination\DV2581 P2\x64\Debug\DV2581 P2.lib and object C:\Users\Wesse\Source\Repos\Gaussian-Elimination\DV2581 P2\x64\Debug\DV2581 P2.exp
  DV2581 P2.vcxproj -> C:\Users\Wesse\Source\Repos\Gaussian-Elimination\DV2581 P2\x64\Debug\DV2581 P2.exe
